2022-10-24 23:05:53,704 interview.performance 14 INFO     0.12293386459350586 /admin/interview/candidate/ {}
2022-10-24 23:05:53,733 interview.performance 14 INFO     0.005017280578613281 /admin/jsi18n/ {}
2022-10-24 23:05:54,939 interview.performance 14 INFO     0.14006590843200684 /admin/interview/candidate/4/change/ {}
2022-10-24 23:05:54,957 interview.performance 14 INFO     0.008517980575561523 /admin/jsi18n/ {}
2022-10-24 23:06:18,746 interview.performance 14 INFO     0.015291929244995117 /admin/ {}
2022-10-24 23:06:19,860 interview.performance 14 INFO     0.029201030731201172 /admin/jobs/job/ {}
2022-10-24 23:06:19,873 interview.performance 14 INFO     0.004104137420654297 /admin/jsi18n/ {}
2022-10-24 23:06:55,392 interview.performance 14 INFO     0.035431861877441406 /admin/ {}
2022-10-24 23:06:57,071 interview.performance 14 INFO     0.03037118911743164 /admin/jobs/resume/ {}
2022-10-24 23:06:57,089 interview.performance 14 INFO     0.007067203521728516 /admin/jsi18n/ {}
2022-10-24 23:06:58,358 interview.performance 14 INFO     0.050653934478759766 /admin/jobs/resume/1/change/ {}
2022-10-24 23:06:58,371 interview.performance 14 INFO     0.004401206970214844 /admin/jsi18n/ {}
2022-10-24 23:06:59,749 interview.performance 14 INFO     0.02488088607788086 /admin/jobs/resume/ {}
2022-10-24 23:07:00,757 interview.performance 14 INFO     0.014845848083496094 /admin/ {}
2022-10-24 23:07:02,523 interview.performance 14 INFO     0.02796196937561035 /admin/jobs/job/ {}
2022-10-24 23:07:02,534 interview.performance 14 INFO     0.0031538009643554688 /admin/jsi18n/ {}
2022-10-24 23:07:03,777 interview.performance 14 INFO     0.03217482566833496 /admin/jobs/job/2/change/ {}
2022-10-24 23:07:03,792 interview.performance 14 INFO     0.006921052932739258 /admin/jsi18n/ {}
2022-10-24 23:07:05,723 interview.performance 14 INFO     0.02668595314025879 /admin/jobs/job/ {}
2022-10-24 23:07:06,528 interview.performance 14 INFO     0.014341115951538086 /admin/ {}
2022-10-24 23:07:10,564 interview.performance 14 INFO     0.005288839340209961 / {}
2022-10-24 23:07:11,991 interview.performance 14 INFO     0.004431962966918945 /job/1/ {}
2022-10-24 23:07:13,325 interview.performance 14 INFO     0.08931708335876465 /resume/add/ {'apply_position': 'sa', 'city': '北京'}
2022-10-24 23:08:13,421 interview.performance 14 INFO     0.004589080810546875 /job/1/ {}
2022-10-24 23:08:14,897 interview.performance 14 INFO     0.019798994064331055 /resume/add/ {'apply_position': 'sa', 'city': '北京'}
2022-10-24 23:09:49,728 interview.performance 14 INFO     0.00485992431640625 /job/1/ {}
2022-10-24 23:10:41,935 interview.performance 14 INFO     0.007591962814331055 /joblist/ {}
2022-10-26 22:28:22,167 interview.performance 14 INFO     0.004831075668334961 /joblist/ {}
2022-10-26 22:28:23,449 interview.performance 14 INFO     0.0044329166412353516 / {}
2022-10-26 22:28:25,688 interview.performance 14 INFO     0.015551090240478516 /admin/ {}
2022-10-26 23:43:27,071 interview.performance 14 INFO     0.036658287048339844 /admin/ {}
2022-10-26 23:43:30,053 interview.performance 14 INFO     0.004161834716796875 // {}
2022-10-26 23:43:39,190 interview.performance 14 INFO     0.005676984786987305 / {}
2022-10-26 23:43:48,805 interview.performance 14 INFO     0.005088090896606445 / {}
2022-10-26 23:54:22,168 interview.performance 14 INFO     0.042688846588134766 / {}
2022-10-26 23:54:54,333 interview.performance 14 INFO     0.04369401931762695 / {}
2022-10-26 23:54:55,444 interview.performance 14 INFO     0.041110992431640625 / {}
2022-10-26 23:55:17,134 interview.performance 14 INFO     0.053762197494506836 / {}
2022-10-26 23:56:18,945 interview.performance 14 INFO     0.011708974838256836 / {}
2022-10-26 23:56:24,230 interview.performance 14 INFO     0.0009772777557373047 /i18n/setlang/ {}
2022-10-26 23:56:24,238 interview.performance 14 INFO     0.0056951045989990234 / {}
2022-10-26 23:56:26,666 interview.performance 14 INFO     0.006059885025024414 / {}
2022-10-26 23:56:27,833 interview.performance 14 INFO     0.0007381439208984375 /i18n/setlang/ {}
2022-10-26 23:56:27,844 interview.performance 14 INFO     0.0076389312744140625 / {}
2022-10-26 23:56:30,777 interview.performance 14 INFO     0.009222030639648438 /i18n/setlang/ {}
2022-10-26 23:56:30,784 interview.performance 14 INFO     0.005580902099609375 / {}
2022-10-26 23:56:35,369 interview.performance 14 INFO     0.0007390975952148438 /i18n/setlang/ {}
2022-10-26 23:56:35,377 interview.performance 14 INFO     0.005583047866821289 / {}
2022-10-26 23:56:36,891 interview.performance 14 INFO     0.005949974060058594 / {}
2022-10-26 23:56:45,859 interview.performance 14 INFO     0.007817983627319336 / {}
2022-10-26 23:56:49,817 interview.performance 14 INFO     0.0064928531646728516 / {}
2022-10-27 00:01:01,445 interview.performance 14 INFO     0.010270118713378906 /i18n/setlang/ {}
2022-10-27 00:01:01,459 interview.performance 14 INFO     0.011565923690795898 / {}
2022-10-27 00:01:15,633 interview.performance 14 INFO     0.005652189254760742 /i18n/setlang/ {}
2022-10-27 00:01:15,642 interview.performance 14 INFO     0.00644993782043457 / {}
2022-10-27 00:03:36,694 interview.performance 14 INFO     0.0032329559326171875 /i18n/setlang/ {}
2022-10-27 00:03:36,705 interview.performance 14 INFO     0.008386850357055664 / {}
2022-10-27 00:03:38,927 interview.performance 14 INFO     0.0022089481353759766 /i18n/setlang/ {}
2022-10-27 00:03:38,935 interview.performance 14 INFO     0.005650997161865234 / {}
2022-10-27 00:03:44,914 interview.performance 14 INFO     0.0007550716400146484 /i18n/setlang/ {}
2022-10-27 00:03:44,921 interview.performance 14 INFO     0.005655050277709961 / {}
2022-10-27 00:03:47,866 interview.performance 14 INFO     0.0009140968322753906 /i18n/setlang/ {}
2022-10-27 00:03:47,874 interview.performance 14 INFO     0.006002902984619141 / {}
2022-10-27 00:03:56,973 interview.performance 14 INFO     0.0008530616760253906 /i18n/setlang/ {}
2022-10-27 00:03:56,981 interview.performance 14 INFO     0.005945682525634766 / {}
2022-10-27 00:04:03,709 interview.performance 14 INFO     0.0008530616760253906 /i18n/setlang/ {}
2022-10-27 00:04:03,717 interview.performance 14 INFO     0.0055389404296875 / {}
2022-10-27 00:04:32,244 interview.performance 14 INFO     0.0008459091186523438 /i18n/setlang/ {}
2022-10-27 00:04:32,253 interview.performance 14 INFO     0.0056917667388916016 / {}
2022-10-27 00:04:53,856 interview.performance 14 INFO     0.02333998680114746 /admin/ {}
2022-10-27 00:05:11,196 interview.performance 14 INFO     0.10886883735656738 /admin/interview/candidate/ {}
2022-10-27 00:05:11,221 interview.performance 14 INFO     0.007611989974975586 /admin/jsi18n/ {}
2022-10-27 00:05:14,669 interview.performance 14 INFO     0.01510000228881836 /admin/ {}
2022-10-27 00:05:17,116 interview.performance 14 INFO     0.025627851486206055 /admin/jobs/resume/ {}
2022-10-27 00:05:17,129 interview.performance 14 INFO     0.0033261775970458984 /admin/jsi18n/ {}
2022-10-27 00:05:50,876 interview.performance 14 INFO     0.012651920318603516 /admin/jobs/ {}
2022-10-27 00:05:52,172 interview.performance 14 INFO     0.02448296546936035 /admin/jobs/resume/ {}
2022-10-27 00:05:52,185 interview.performance 14 INFO     0.0037131309509277344 /admin/jsi18n/ {}
2022-10-27 00:05:53,476 interview.performance 14 INFO     0.012355804443359375 /admin/jobs/ {}
2022-10-27 00:05:54,406 interview.performance 14 INFO     0.040206193923950195 /admin/jobs/job/ {}
2022-10-27 00:05:54,421 interview.performance 14 INFO     0.003860950469970703 /admin/jsi18n/ {}
